===== /home/weisert/RubymineProjects/refsheet-site/app/javascript/v1/shared/RichText.js.jsx.coffee
/home/weisert/.nvm/versions/node/v8.10.0/lib/node_modules/decaffeinate/dist/cli.js:304
        throw err;
        ^

Error: unexpected EOF while in context PAREN
    at BufferedStream.step [as _getNextLocation] (/home/weisert/.nvm/versions/node/v8.10.0/lib/node_modules/decaffeinate/node_modules/coffee-lex/dist/index.js:763:31)
    at BufferedStream.shift (/home/weisert/.nvm/versions/node/v8.10.0/lib/node_modules/decaffeinate/node_modules/coffee-lex/dist/utils/BufferedStream.js:9:45)
    at /home/weisert/.nvm/versions/node/v8.10.0/lib/node_modules/decaffeinate/node_modules/coffee-lex/dist/utils/BufferedStream.js:19:30
    at Array.every (<anonymous>)
    at BufferedStream.hasNext (/home/weisert/.nvm/versions/node/v8.10.0/lib/node_modules/decaffeinate/node_modules/coffee-lex/dist/utils/BufferedStream.js:18:28)
    at Object.calculateNormalStringPadding [as default] (/home/weisert/.nvm/versions/node/v8.10.0/lib/node_modules/decaffeinate/node_modules/coffee-lex/dist/utils/calculateNormalStringPadding.js:16:16)
    at Object.lex [as default] (/home/weisert/.nvm/versions/node/v8.10.0/lib/node_modules/decaffeinate/node_modules/coffee-lex/dist/index.js:42:78)
    at sourceLex (/home/weisert/.nvm/versions/node/v8.10.0/lib/node_modules/decaffeinate/node_modules/decaffeinate-parser/dist/parser.js:18:39)
    at Function.ParseContext.fromSource (/home/weisert/.nvm/versions/node/v8.10.0/lib/node_modules/decaffeinate/node_modules/decaffeinate-parser/dist/util/ParseContext.js:91:32)
    at Object.parse (/home/weisert/.nvm/versions/node/v8.10.0/lib/node_modules/decaffeinate/node_modules/decaffeinate-parser/dist/parser.js:20:45)
    at Function.DecaffeinateContext.create (/home/weisert/.nvm/versions/node/v8.10.0/lib/node_modules/decaffeinate/dist/utils/DecaffeinateContext.js:20:45)
    at Function.TransformCoffeeScriptStage.run (/home/weisert/.nvm/versions/node/v8.10.0/lib/node_modules/decaffeinate/dist/stages/TransformCoffeeScriptStage.js:22:53)
    at runStage (/home/weisert/.nvm/versions/node/v8.10.0/lib/node_modules/decaffeinate/dist/index.js:96:22)
    at /home/weisert/.nvm/versions/node/v8.10.0/lib/node_modules/decaffeinate/dist/index.js:88:18
    at Array.forEach (<anonymous>)
    at runStages (/home/weisert/.nvm/versions/node/v8.10.0/lib/node_modules/decaffeinate/dist/index.js:87:12)
    at Object.convert (/home/weisert/.nvm/versions/node/v8.10.0/lib/node_modules/decaffeinate/dist/index.js:60:18)
    at runWithCode (/home/weisert/.nvm/versions/node/v8.10.0/lib/node_modules/decaffeinate/dist/cli.js:296:28)
    at ReadStream.<anonymous> (/home/weisert/.nvm/versions/node/v8.10.0/lib/node_modules/decaffeinate/dist/cli.js:278:42)
    at emitNone (events.js:111:20)
    at ReadStream.emit (events.js:208:7)
    at endReadableNT (_stream_readable.js:1064:12)
    at _combinedTickCallback (internal/process/next_tick.js:138:11)
    at process._tickCallback (internal/process/next_tick.js:180:9)

===== /home/weisert/RubymineProjects/refsheet-site/app/javascript/v1/views/account/settings/support.jsx.coffee


#
# Fatal error in , line 0
# API fatal error handler returned after process out of memory
#
Illegal instruction (core dumped)
